0 info it worked if it ends with ok
1 verbose cli [ '/home/tabi/.nvm/versions/node/v6.10.2/bin/node',
1 verbose cli   '/home/tabi/.nvm/versions/node/v6.10.2/bin/npm',
1 verbose cli   'run',
1 verbose cli   'build' ]
2 info using npm@3.10.10
3 info using node@v6.10.2
4 verbose run-script [ 'prebuild', 'build', 'postbuild' ]
5 info lifecycle twitchett.github.io@0.1.0~prebuild: twitchett.github.io@0.1.0
6 silly lifecycle twitchett.github.io@0.1.0~prebuild: no script for prebuild, continuing
7 info lifecycle twitchett.github.io@0.1.0~build: twitchett.github.io@0.1.0
8 verbose lifecycle twitchett.github.io@0.1.0~build: unsafe-perm in lifecycle true
9 verbose lifecycle twitchett.github.io@0.1.0~build: PATH: /home/tabi/.nvm/versions/node/v6.10.2/lib/node_modules/npm/bin/node-gyp-bin:/home/tabi/dev/repos/twitchett.github.io/node_modules/.bin:/home/tabi/.rvm/gems/ruby-2.4.0/bin:/home/tabi/.rvm/gems/ruby-2.4.0@global/bin:/home/tabi/.rvm/rubies/ruby-2.4.0/bin:/home/tabi/.nvm/versions/node/v6.10.2/bin:/home/tabi/bin:/home/tabi/.local/bin:/home/tabi/.rbenv/shims:/home/tabi/.rbenv/bin:/home/tabi/.rbenv/shims:/home/tabi/.rbenv/bin:/home/tabi/bin:/home/tabi/.local/bin:/usr/local/sbin:/usr/local/bin:/usr/sbin:/usr/bin:/sbin:/bin:/usr/games:/usr/local/games:/snap/bin:/snap/bin:/home/tabi/.rvm/bin
10 verbose lifecycle twitchett.github.io@0.1.0~build: CWD: /home/tabi/dev/repos/twitchett.github.io
11 silly lifecycle twitchett.github.io@0.1.0~build: Args: [ '-c',
11 silly lifecycle   'npm run webpack && bundle exec jekyll build --config _config.yml,_config.dev.yml' ]
12 silly lifecycle twitchett.github.io@0.1.0~build: Returned: code: 1  signal: null
13 info lifecycle twitchett.github.io@0.1.0~build: Failed to exec build script
14 verbose stack Error: twitchett.github.io@0.1.0 build: `npm run webpack && bundle exec jekyll build --config _config.yml,_config.dev.yml`
14 verbose stack Exit status 1
14 verbose stack     at EventEmitter.<anonymous> (/home/tabi/.nvm/versions/node/v6.10.2/lib/node_modules/npm/lib/utils/lifecycle.js:255:16)
14 verbose stack     at emitTwo (events.js:106:13)
14 verbose stack     at EventEmitter.emit (events.js:191:7)
14 verbose stack     at ChildProcess.<anonymous> (/home/tabi/.nvm/versions/node/v6.10.2/lib/node_modules/npm/lib/utils/spawn.js:40:14)
14 verbose stack     at emitTwo (events.js:106:13)
14 verbose stack     at ChildProcess.emit (events.js:191:7)
14 verbose stack     at maybeClose (internal/child_process.js:886:16)
14 verbose stack     at Process.ChildProcess._handle.onexit (internal/child_process.js:226:5)
15 verbose pkgid twitchett.github.io@0.1.0
16 verbose cwd /home/tabi/dev/repos/twitchett.github.io
17 error Linux 4.6.0-040600-generic
18 error argv "/home/tabi/.nvm/versions/node/v6.10.2/bin/node" "/home/tabi/.nvm/versions/node/v6.10.2/bin/npm" "run" "build"
19 error node v6.10.2
20 error npm  v3.10.10
21 error code ELIFECYCLE
22 error twitchett.github.io@0.1.0 build: `npm run webpack && bundle exec jekyll build --config _config.yml,_config.dev.yml`
22 error Exit status 1
23 error Failed at the twitchett.github.io@0.1.0 build script 'npm run webpack && bundle exec jekyll build --config _config.yml,_config.dev.yml'.
23 error Make sure you have the latest version of node.js and npm installed.
23 error If you do, this is most likely a problem with the twitchett.github.io package,
23 error not with npm itself.
23 error Tell the author that this fails on your system:
23 error     npm run webpack && bundle exec jekyll build --config _config.yml,_config.dev.yml
23 error You can get information on how to open an issue for this project with:
23 error     npm bugs twitchett.github.io
23 error Or if that isn't available, you can get their info via:
23 error     npm owner ls twitchett.github.io
23 error There is likely additional logging output above.
24 verbose exit [ 1, true ]
